[[1;34mINFO[m] Scanning for projects...
[[1;34mINFO[m] 
[[1;34mINFO[m] [1m-------------------< [0;36mcom.example:student-management[0;1m >-------------------[m
[[1;34mINFO[m] [1mBuilding student-management 0.0.1-SNAPSHOT[m
[[1;34mINFO[m]   from pom.xml
[[1;34mINFO[m] [1m--------------------------------[ jar ]---------------------------------[m
[[1;34mINFO[m] 
[[1;34mINFO[m] [1m>>> [0;32mspring-boot:3.3.0:run[m [1m(default-cli)[0;1m > [0;1mtest-compile[m @ [36mstudent-management[0;1m >>>[m
[[1;34mINFO[m] 
[[1;34mINFO[m] [1m--- [0;32mresources:3.3.1:resources[m [1m(default-resources)[m @ [36mstudent-management[0;1m ---[m
[[1;34mINFO[m] Copying 1 resource from src/main/resources to target/classes
[[1;34mINFO[m] Copying 0 resource from src/main/resources to target/classes
[[1;34mINFO[m] 
[[1;34mINFO[m] [1m--- [0;32mcompiler:3.13.0:compile[m [1m(default-compile)[m @ [36mstudent-management[0;1m ---[m
[[1;34mINFO[m] Nothing to compile - all classes are up to date.
[[1;34mINFO[m] 
[[1;34mINFO[m] [1m--- [0;32mresources:3.3.1:testResources[m [1m(default-testResources)[m @ [36mstudent-management[0;1m ---[m
[[1;34mINFO[m] skip non existing resourceDirectory /home/yash/Desktop/PAL/Projects/Java-FullStack-Project/student-management-system/backend/src/test/resources
[[1;34mINFO[m] 
[[1;34mINFO[m] [1m--- [0;32mcompiler:3.13.0:testCompile[m [1m(default-testCompile)[m @ [36mstudent-management[0;1m ---[m
[[1;34mINFO[m] No sources to compile
[[1;34mINFO[m] 
[[1;34mINFO[m] [1m<<< [0;32mspring-boot:3.3.0:run[m [1m(default-cli)[0;1m < [0;1mtest-compile[m @ [36mstudent-management[0;1m <<<[m
[[1;34mINFO[m] 
[[1;34mINFO[m] 
[[1;34mINFO[m] [1m--- [0;32mspring-boot:3.3.0:run[m [1m(default-cli)[m @ [36mstudent-management[0;1m ---[m
[[1;34mINFO[m] Attaching agents: []
  .   ____          _            __ _ _
 /\\ / ___'_ __ _ _(_)_ __  __ _ \ \ \ \
( ( )\___ | '_ | '_| | '_ \/ _` | \ \ \ \
 \\/  ___)| |_)| | | | | || (_| |  ) ) ) )
  '  |____| .__|_| |_|_| |_\__, | / / / /
 =========|_|==============|___/=/_/_/_/

 :: Spring Boot ::                (v3.3.0)

2026-06-20T16:21:44.629+05:30  INFO 62233 --- [           main] c.e.s.StudentManagementApplication       : Starting StudentManagementApplication using Java 21.0.11 with PID 62233 (/home/yash/Desktop/PAL/Projects/Java-FullStack-Project/student-management-system/backend/target/classes started by yash in /home/yash/Desktop/PAL/Projects/Java-FullStack-Project/student-management-system/backend)
2026-06-20T16:21:44.631+05:30  INFO 62233 --- [           main] c.e.s.StudentManagementApplication       : No active profile set, falling back to 1 default profile: "default"
2026-06-20T16:21:45.359+05:30  INFO 62233 --- [           main] .s.d.r.c.RepositoryConfigurationDelegate : Bootstrapping Spring Data JPA repositories in DEFAULT mode.
2026-06-20T16:21:45.428+05:30  INFO 62233 --- [           main] .s.d.r.c.RepositoryConfigurationDelegate : Finished Spring Data repository scanning in 61 ms. Found 4 JPA repository interfaces.
2026-06-20T16:21:45.951+05:30  INFO 62233 --- [           main] o.s.b.w.embedded.tomcat.TomcatWebServer  : Tomcat initialized with port 8080 (http)
2026-06-20T16:21:45.964+05:30  INFO 62233 --- [           main] o.apache.catalina.core.StandardService   : Starting service [Tomcat]
2026-06-20T16:21:45.964+05:30  INFO 62233 --- [           main] o.apache.catalina.core.StandardEngine    : Starting Servlet engine: [Apache Tomcat/10.1.24]
2026-06-20T16:21:46.045+05:30  INFO 62233 --- [           main] o.a.c.c.C.[Tomcat].[localhost].[/]       : Initializing Spring embedded WebApplicationContext
2026-06-20T16:21:46.046+05:30  INFO 62233 --- [           main] w.s.c.ServletWebServerApplicationContext : Root WebApplicationContext: initialization completed in 1364 ms
2026-06-20T16:21:46.080+05:30  INFO 62233 --- [           main] com.zaxxer.hikari.HikariDataSource       : HikariPool-1 - Starting...
2026-06-20T16:21:46.269+05:30  INFO 62233 --- [           main] com.zaxxer.hikari.pool.HikariPool        : HikariPool-1 - Added connection conn0: url=jdbc:h2:mem:studentdb user=SA
2026-06-20T16:21:46.271+05:30  INFO 62233 --- [           main] com.zaxxer.hikari.HikariDataSource       : HikariPool-1 - Start completed.
2026-06-20T16:21:46.291+05:30  INFO 62233 --- [           main] o.s.b.a.h2.H2ConsoleAutoConfiguration    : H2 console available at '/h2-console'. Database available at 'jdbc:h2:mem:studentdb'
2026-06-20T16:21:46.427+05:30  INFO 62233 --- [           main] o.hibernate.jpa.internal.util.LogHelper  : HHH000204: Processing PersistenceUnitInfo [name: default]
2026-06-20T16:21:46.476+05:30  INFO 62233 --- [           main] org.hibernate.Version                    : HHH000412: Hibernate ORM core version 6.5.2.Final
2026-06-20T16:21:46.505+05:30  INFO 62233 --- [           main] o.h.c.internal.RegionFactoryInitiator    : HHH000026: Second-level cache disabled
2026-06-20T16:21:46.768+05:30  INFO 62233 --- [           main] o.s.o.j.p.SpringPersistenceUnitInfo      : No LoadTimeWeaver setup: ignoring JPA class transformer
2026-06-20T16:21:46.808+05:30  WARN 62233 --- [           main] org.hibernate.orm.deprecation            : HHH90000025: H2Dialect does not need to be specified explicitly using 'hibernate.dialect' (remove the property setting and it will be selected by default)
2026-06-20T16:21:47.811+05:30  INFO 62233 --- [           main] o.h.e.t.j.p.i.JtaPlatformInitiator       : HHH000489: No JTA platform available (set 'hibernate.transaction.jta.platform' to enable JTA platform integration)
2026-06-20T16:21:47.863+05:30 DEBUG 62233 --- [           main] org.hibernate.SQL                        : 
    create table courses (
        id bigint generated by default as identity,
        course_code varchar(255) not null,
        credits integer not null check ((credits<=8) and (credits>=1)),
        description varchar(500),
        instructor varchar(255) not null,
        title varchar(255) not null,
        primary key (id)
    )
Hibernate: 
    create table courses (
        id bigint generated by default as identity,
        course_code varchar(255) not null,
        credits integer not null check ((credits<=8) and (credits>=1)),
        description varchar(500),
        instructor varchar(255) not null,
        title varchar(255) not null,
        primary key (id)
    )
2026-06-20T16:21:47.875+05:30 DEBUG 62233 --- [           main] org.hibernate.SQL                        : 
    create table enrollments (
        id bigint generated by default as identity,
        enrollment_date date not null,
        grade varchar(255),
        course_id bigint not null,
        student_id bigint not null,
        primary key (id)
    )
Hibernate: 
    create table enrollments (
        id bigint generated by default as identity,
        enrollment_date date not null,
        grade varchar(255),
        course_id bigint not null,
        student_id bigint not null,
        primary key (id)
    )
2026-06-20T16:21:47.877+05:30 DEBUG 62233 --- [           main] org.hibernate.SQL                        : 
    create table students (
        id bigint generated by default as identity,
        date_of_birth date not null,
        department varchar(255) not null,
        email varchar(255) not null,
        first_name varchar(255) not null,
        last_name varchar(255) not null,
        phone varchar(255),
        primary key (id)
    )
Hibernate: 
    create table students (
        id bigint generated by default as identity,
        date_of_birth date not null,
        department varchar(255) not null,
        email varchar(255) not null,
        first_name varchar(255) not null,
        last_name varchar(255) not null,
        phone varchar(255),
        primary key (id)
    )
2026-06-20T16:21:47.879+05:30 DEBUG 62233 --- [           main] org.hibernate.SQL                        : 
    create table users (
        id bigint generated by default as identity,
        email varchar(255) not null,
        password varchar(255) not null,
        role varchar(255),
        username varchar(255) not null,
        primary key (id)
    )
Hibernate: 
    create table users (
        id bigint generated by default as identity,
        email varchar(255) not null,
        password varchar(255) not null,
        role varchar(255),
        username varchar(255) not null,
        primary key (id)
    )
2026-06-20T16:21:47.882+05:30 DEBUG 62233 --- [           main] org.hibernate.SQL                        : 
    alter table if exists courses 
       drop constraint if exists UKp02ts69sh53ptd62m3c67v0
Hibernate: 
    alter table if exists courses 
       drop constraint if exists UKp02ts69sh53ptd62m3c67v0
2026-06-20T16:21:47.883+05:30 DEBUG 62233 --- [           main] org.hibernate.SQL                        : 
    alter table if exists courses 
       add constraint UKp02ts69sh53ptd62m3c67v0 unique (course_code)
Hibernate: 
    alter table if exists courses 
       add constraint UKp02ts69sh53ptd62m3c67v0 unique (course_code)
2026-06-20T16:21:47.885+05:30 DEBUG 62233 --- [           main] org.hibernate.SQL                        : 
    alter table if exists enrollments 
       drop constraint if exists UKi0g6mfijtuh199nj653nva6j5
Hibernate: 
    alter table if exists enrollments 
       drop constraint if exists UKi0g6mfijtuh199nj653nva6j5
2026-06-20T16:21:47.886+05:30 DEBUG 62233 --- [           main] org.hibernate.SQL                        : 
    alter table if exists enrollments 
       add constraint UKi0g6mfijtuh199nj653nva6j5 unique (student_id, course_id)
Hibernate: 
    alter table if exists enrollments 
       add constraint UKi0g6mfijtuh199nj653nva6j5 unique (student_id, course_id)
2026-06-20T16:21:47.887+05:30 DEBUG 62233 --- [           main] org.hibernate.SQL                        : 
    alter table if exists students 
       drop constraint if exists UKe2rndfrsx22acpq2ty1caeuyw
Hibernate: 
    alter table if exists students 
       drop constraint if exists UKe2rndfrsx22acpq2ty1caeuyw
2026-06-20T16:21:47.888+05:30 DEBUG 62233 --- [           main] org.hibernate.SQL                        : 
    alter table if exists students 
       add constraint UKe2rndfrsx22acpq2ty1caeuyw unique (email)
Hibernate: 
    alter table if exists students 
       add constraint UKe2rndfrsx22acpq2ty1caeuyw unique (email)
2026-06-20T16:21:47.889+05:30 DEBUG 62233 --- [           main] org.hibernate.SQL                        : 
    alter table if exists users 
       drop constraint if exists UK6dotkott2kjsp8vw4d0m25fb7
Hibernate: 
    alter table if exists users 
       drop constraint if exists UK6dotkott2kjsp8vw4d0m25fb7
2026-06-20T16:21:47.889+05:30 DEBUG 62233 --- [           main] org.hibernate.SQL                        : 
    alter table if exists users 
       add constraint UK6dotkott2kjsp8vw4d0m25fb7 unique (email)
Hibernate: 
    alter table if exists users 
       add constraint UK6dotkott2kjsp8vw4d0m25fb7 unique (email)
2026-06-20T16:21:47.890+05:30 DEBUG 62233 --- [           main] org.hibernate.SQL                        : 
    alter table if exists users 
       drop constraint if exists UKr43af9ap4edm43mmtq01oddj6
Hibernate: 
    alter table if exists users 
       drop constraint if exists UKr43af9ap4edm43mmtq01oddj6
2026-06-20T16:21:47.891+05:30 DEBUG 62233 --- [           main] org.hibernate.SQL                        : 
    alter table if exists users 
       add constraint UKr43af9ap4edm43mmtq01oddj6 unique (username)
Hibernate: 
    alter table if exists users 
       add constraint UKr43af9ap4edm43mmtq01oddj6 unique (username)
2026-06-20T16:21:47.892+05:30 DEBUG 62233 --- [           main] org.hibernate.SQL                        : 
    alter table if exists enrollments 
       add constraint FKho8mcicp4196ebpltdn9wl6co 
       foreign key (course_id) 
       references courses
Hibernate: 
    alter table if exists enrollments 
       add constraint FKho8mcicp4196ebpltdn9wl6co 
       foreign key (course_id) 
       references courses
2026-06-20T16:21:47.899+05:30 DEBUG 62233 --- [           main] org.hibernate.SQL                        : 
    alter table if exists enrollments 
       add constraint FK8kf1u1857xgo56xbfmnif2c51 
       foreign key (student_id) 
       references students
Hibernate: 
    alter table if exists enrollments 
       add constraint FK8kf1u1857xgo56xbfmnif2c51 
       foreign key (student_id) 
       references students
2026-06-20T16:21:47.902+05:30  INFO 62233 --- [           main] j.LocalContainerEntityManagerFactoryBean : Initialized JPA EntityManagerFactory for persistence unit 'default'
2026-06-20T16:21:48.156+05:30  INFO 62233 --- [           main] o.s.d.j.r.query.QueryEnhancerFactory     : Hibernate is in classpath; If applicable, HQL parser will be used.
2026-06-20T16:21:48.817+05:30  WARN 62233 --- [           main] JpaBaseConfiguration$JpaWebConfiguration : spring.jpa.open-in-view is enabled by default. Therefore, database queries may be performed during view rendering. Explicitly configure spring.jpa.open-in-view to disable this warning
2026-06-20T16:21:49.139+05:30  WARN 62233 --- [           main] ConfigServletWebServerApplicationContext : Exception encountered during context initialization - cancelling refresh attempt: org.springframework.context.ApplicationContextException: Failed to start bean 'webServerStartStop'
2026-06-20T16:21:49.141+05:30  INFO 62233 --- [           main] j.LocalContainerEntityManagerFactoryBean : Closing JPA EntityManagerFactory for persistence unit 'default'
2026-06-20T16:21:49.143+05:30  INFO 62233 --- [           main] com.zaxxer.hikari.HikariDataSource       : HikariPool-1 - Shutdown initiated...
2026-06-20T16:21:49.145+05:30  INFO 62233 --- [           main] com.zaxxer.hikari.HikariDataSource       : HikariPool-1 - Shutdown completed.
2026-06-20T16:21:49.156+05:30  INFO 62233 --- [           main] .s.b.a.l.ConditionEvaluationReportLogger : 

Error starting ApplicationContext. To display the condition evaluation report re-run your application with 'debug' enabled.
2026-06-20T16:21:49.169+05:30 ERROR 62233 --- [           main] o.s.b.d.LoggingFailureAnalysisReporter   : 

***************************
APPLICATION FAILED TO START
***************************

Description:

Web server failed to start. Port 8080 was already in use.

Action:

Identify and stop the process that's listening on port 8080 or configure this application to listen on another port.

[[1;34mINFO[m] [1m------------------------------------------------------------------------[m
[[1;34mINFO[m] [1;31mBUILD FAILURE[m
[[1;34mINFO[m] [1m------------------------------------------------------------------------[m
[[1;34mINFO[m] Total time:  7.203 s
[[1;34mINFO[m] Finished at: 2026-06-20T16:21:49+05:30
[[1;34mINFO[m] [1m------------------------------------------------------------------------[m
[[1;31mERROR[m] Failed to execute goal [32morg.springframework.boot:spring-boot-maven-plugin:3.3.0:run[m [1m(default-cli)[m on project [36mstudent-management[m: [1;31mProcess terminated with exit code: 1[m -> [1m[Help 1][m
[[1;31mERROR[m] 
[[1;31mERROR[m] To see the full stack trace of the errors, re-run Maven with the [1m-e[m switch.
[[1;31mERROR[m] Re-run Maven using the [1m-X[m switch to enable full debug logging.
[[1;31mERROR[m] 
[[1;31mERROR[m] For more information about the errors and possible solutions, please read the following articles:
[[1;31mERROR[m] [1m[Help 1][m http://cwiki.apache.org/confluence/display/MAVEN/MojoExecutionException
